#-----------------------------------------------------------
# Vivado v2019.2 (64-bit)
# SW Build 2708876 on Wed Nov  6 21:40:23 MST 2019
# IP Build 2700528 on Thu Nov  7 00:09:20 MST 2019
# Start of session at: Tue Jan 11 11:37:38 2022
# Process ID: 31884
# Current directory: E:/GINGINEERING/EECS31/Lab 3
# Command line: vivado.exe -gui_launcher_event rodinguilauncherevent21596 E:\GINGINEERING\EECS31\Lab 3\Lab 3.xpr
# Log file: E:/GINGINEERING/EECS31/Lab 3/vivado.log
# Journal file: E:/GINGINEERING/EECS31/Lab 3\vivado.jou
#-----------------------------------------------------------
start_gui
open_project {E:/GINGINEERING/EECS31/Lab 3/Lab 3.xpr}
Scanning sources...
Finished scanning sources
INFO: [IP_Flow 19-234] Refreshing IP repositories
INFO: [IP_Flow 19-1704] No user IP repositories specified
INFO: [IP_Flow 19-2313] Loaded Vivado IP repository 'C:/Xilinx/Vivado/2019.2/data/ip'.
exit
INFO: [Common 17-206] Exiting Vivado at Tue Jan 11 11:38:13 2022...
