#-----------------------------------------------------------
# Vivado v2019.2 (64-bit)
# SW Build 2708876 on Wed Nov  6 21:40:23 MST 2019
# IP Build 2700528 on Thu Nov  7 00:09:20 MST 2019
# Start of session at: Tue Jan 11 18:18:45 2022
# Process ID: 36124
# Current directory: E:/GINGINEERING/EECS31/Lab 2
# Command line: vivado.exe -gui_launcher_event rodinguilauncherevent37640 E:\GINGINEERING\EECS31\Lab 2\Lab 2.xpr
# Log file: E:/GINGINEERING/EECS31/Lab 2/vivado.log
# Journal file: E:/GINGINEERING/EECS31/Lab 2\vivado.jou
#-----------------------------------------------------------
start_gui
open_project {E:/GINGINEERING/EECS31/Lab 2/Lab 2.xpr}
CRITICAL WARNING: [Project 1-19] Could not find the file 'E:/GINGINEERING/EECS31/Lab 2/Lab 2.srcs/sources_1/new/alu_32.v'.
CRITICAL WARNING: [Project 1-19] Could not find the file 'E:/GINGINEERING/EECS31/Lab 2/Lab 2.srcs/sim_1/new/tb_alu_32.v'.
Scanning sources...
Finished scanning sources
INFO: [IP_Flow 19-234] Refreshing IP repositories
INFO: [IP_Flow 19-1704] No user IP repositories specified
INFO: [IP_Flow 19-2313] Loaded Vivado IP repository 'C:/Xilinx/Vivado/2019.2/data/ip'.
update_compile_order -fileset sources_1
exit
INFO: [Common 17-206] Exiting Vivado at Tue Jan 11 18:44:39 2022...
